
=====QBMS TRANSACTION FAILURE====
 [Date] 02/17/2013 2:24 PM
------Transaction Variables------
 [Status Code] 10304
 [Status Message] The string ****** in the field CardSecurityCode is too long. The maximum length is 4.
=================================



=====QBMS TRANSACTION FAILURE====
 [Date] 02/17/2013 5:31 PM
------Transaction Variables------
 [Status Code] 10302
 [Status Message] An error occurred while validating the date value 01/13 in the field ExpirationMonth/ExpirationYear.
=================================



=====QBMS TRANSACTION FAILURE====
 [Date] 02/17/2013 6:10 PM
------Transaction Variables------
 [Status Code] 10302
 [Status Message] An error occurred while validating the date value 01/13 in the field ExpirationMonth/ExpirationYear.
=================================



=====QBMS TRANSACTION FAILURE====
 [Date] 02/17/2013 6:39 PM
------Transaction Variables------
 [Status Code] 10301
 [Status Message] This credit card number is invalid.
=================================



=====QBMS TRANSACTION FAILURE====
 [Date] 02/17/2013 6:44 PM
------Transaction Variables------
 [Status Code] 10301
 [Status Message] This credit card number is invalid.
=================================



=====QBMS TRANSACTION FAILURE====
 [Date] 02/17/2013 6:44 PM
------Transaction Variables------
 [Status Code] 10301
 [Status Message] This credit card number is invalid.
=================================



=====QBMS TRANSACTION FAILURE====
 [Date] 02/17/2013 6:49 PM
------Transaction Variables------
 [Status Code] 10301
 [Status Message] This credit card number is invalid.
=================================



=====QBMS TRANSACTION FAILURE====
 [Date] 02/17/2013 6:50 PM
------Transaction Variables------
 [Status Code] 10301
 [Status Message] This credit card number is invalid.
=================================



=====QBMS TRANSACTION FAILURE====
 [Date] 02/17/2013 6:51 PM
------Transaction Variables------
 [Status Code] 10301
 [Status Message] This credit card number is invalid.
=================================



=====QBMS TRANSACTION FAILURE====
 [Date] 02/17/2013 6:55 PM
------Transaction Variables------
 [Status Code] 10301
 [Status Message] This credit card number is invalid.
=================================



=====QBMS TRANSACTION FAILURE====
 [Date] 02/17/2013 6:56 PM
------Transaction Variables------
 [Status Code] 10301
 [Status Message] This credit card number is invalid.
=================================



=====QBMS TRANSACTION FAILURE====
 [Date] 02/17/2013 6:56 PM
------Transaction Variables------
 [Status Code] 10301
 [Status Message] This credit card number is invalid.
=================================



=====QBMS TRANSACTION FAILURE====
 [Date] 02/17/2013 6:58 PM
------Transaction Variables------
 [Status Code] 10301
 [Status Message] This credit card number is invalid.
=================================



=====QBMS TRANSACTION SUCCESS====
 [Date] 02/18/2013 10:51 AM
------Transaction Variables------
 [Status Code] 0
 [Status Message] Status OK
=================================


